<?xml version="1.0" encoding="UTF-8"?>
<testsuite name="repository.file.FileRepositoryToyTest" tests="10" skipped="0" failures="0" errors="0" timestamp="2021-03-16T17:33:41" hostname="DESKTOP-E32OLO8" time="0.082">
  <properties/>
  <testcase name="testFindAll()" classname="repository.file.FileRepositoryToyTest" time="0.032"/>
  <testcase name="testFindOne()" classname="repository.file.FileRepositoryToyTest" time="0.006"/>
  <testcase name="testSave()" classname="repository.file.FileRepositoryToyTest" time="0.014"/>
  <testcase name="testReadFile()" classname="repository.file.FileRepositoryToyTest" time="0.002"/>
  <testcase name="testSaveToFile()" classname="repository.file.FileRepositoryToyTest" time="0.001"/>
  <testcase name="testGetFileName()" classname="repository.file.FileRepositoryToyTest" time="0.001"/>
  <testcase name="setFileName()" classname="repository.file.FileRepositoryToyTest" time="0.002"/>
  <testcase name="testDelete()" classname="repository.file.FileRepositoryToyTest" time="0.005"/>
  <testcase name="testGetStringFromToy()" classname="repository.file.FileRepositoryToyTest" time="0.001"/>
  <testcase name="testUpdate()" classname="repository.file.FileRepositoryToyTest" time="0.009"/>
  <system-out><![CDATA[]]></system-out>
  <system-err><![CDATA[]]></system-err>
</testsuite>
