<?xml version="1.0" encoding="UTF-8"?>
<testsuite name="repository.file.FileRepositoryPetTest" tests="10" skipped="0" failures="0" errors="0" timestamp="2021-03-16T17:33:41" hostname="DESKTOP-E32OLO8" time="0.099">
  <properties/>
  <testcase name="testFindAll()" classname="repository.file.FileRepositoryPetTest" time="0.033"/>
  <testcase name="testFindOne()" classname="repository.file.FileRepositoryPetTest" time="0.005"/>
  <testcase name="testSave()" classname="repository.file.FileRepositoryPetTest" time="0.027"/>
  <testcase name="testReadFile()" classname="repository.file.FileRepositoryPetTest" time="0.002"/>
  <testcase name="testSaveToFile()" classname="repository.file.FileRepositoryPetTest" time="0.001"/>
  <testcase name="testGetFileName()" classname="repository.file.FileRepositoryPetTest" time="0.001"/>
  <testcase name="setFileName()" classname="repository.file.FileRepositoryPetTest" time="0.001"/>
  <testcase name="testDelete()" classname="repository.file.FileRepositoryPetTest" time="0.008"/>
  <testcase name="testGetStringFromPet()" classname="repository.file.FileRepositoryPetTest" time="0.002"/>
  <testcase name="testUpdate()" classname="repository.file.FileRepositoryPetTest" time="0.01"/>
  <system-out><![CDATA[]]></system-out>
  <system-err><![CDATA[]]></system-err>
</testsuite>
